{
  "stats": {
    "suites": 2,
    "tests": 4,
    "passes": 3,
    "pending": 1,
    "failures": 0,
    "start": "2024-04-17T19:17:07.754Z",
    "end": "2024-04-17T19:17:16.875Z",
    "duration": 9121,
    "testsRegistered": 5,
    "passPercent": 75,
    "pendingPercent": 20,
    "other": 1,
    "hasOther": true,
    "skipped": 0,
    "hasSkipped": false
  },
  "results": [
    {
      "uuid": "96d42127-3333-41fb-9d66-c38e35d3e5f2",
      "title": "",
      "fullFile": "cypress/e2e/second.cy.js",
      "file": "cypress/e2e/second.cy.js",
      "beforeHooks": [],
      "afterHooks": [],
      "tests": [],
      "suites": [
        {
          "uuid": "0a5694ab-1d0c-4ae1-890c-b5087f6b9cf5",
          "title": "My First Test",
          "fullFile": "",
          "file": "",
          "beforeHooks": [],
          "afterHooks": [],
          "tests": [
            {
              "title": "clicking \"type\" navigates to a new url (Qase ID: 1)",
              "fullTitle": "My First Test clicking \"type\" navigates to a new url (Qase ID: 1)",
              "timedOut": null,
              "duration": 2054,
              "state": "passed",
              "speed": "fast",
              "pass": true,
              "fail": false,
              "pending": false,
              "context": null,
              "code": "cy.visit('https://example.cypress.io');\ncy.contains('type').click();\n// Should be on a new URL which includes '/commands/actions'\ncy.url().should('include', '/commands/actions');",
              "err": {},
              "uuid": "5a41b819-01e6-43d5-8f5a-8a3e71ccde76",
              "parentUUID": "0a5694ab-1d0c-4ae1-890c-b5087f6b9cf5",
              "isHook": false,
              "skipped": false
            },
            {
              "title": "Gets, types and asserts (Qase ID: 2)",
              "fullTitle": "My First Test Gets, types and asserts (Qase ID: 2)",
              "timedOut": null,
              "duration": 4962,
              "state": "failed",
              "speed": null,
              "pass": false,
              "fail": true,
              "pending": false,
              "context": null,
              "code": "cy.visit('https://example.cypress.io');\ncy.contains('type').click();\n// Should be on a new URL which includes '/commands/actions'\ncy.url().should('include', '/commands/actions');\n// Get an input, type into it and verify that the value has been updated\ncy.get('.action-email').type('fake@email.com');\ncy.get('.action-email').should('have.value', 'unexpected@email.com');",
              "err": {
                "message": "AssertionError: Timed out retrying after 4000ms: expected '<input#email1.form-control.action-email>' to have value 'unexpected@email.com', but the value was 'fake@email.com'",
                "estack": "AssertionError: Timed out retrying after 4000ms: expected '<input#email1.form-control.action-email>' to have value 'unexpected@email.com', but the value was 'fake@email.com'\n    at Context.eval (webpack://examples-cypress/./cypress/e2e/second.cy.js:22:28)",
                "diff": "- 'fake@email.com'\n+ 'unexpected@email.com'\n"
              },
              "uuid": "a6829133-281e-4937-b592-7a818d41fed9",
              "parentUUID": "0a5694ab-1d0c-4ae1-890c-b5087f6b9cf5",
              "isHook": false,
              "skipped": false
            },
            {
              "title": "Gets, types and asserts (Qase ID: 3)",
              "fullTitle": "My First Test Gets, types and asserts (Qase ID: 3)",
              "timedOut": null,
              "duration": 0,
              "state": "pending",
              "speed": null,
              "pass": false,
              "fail": false,
              "pending": true,
              "context": null,
              "code": "cy.visit('https://example.cypress.io');\ncy.contains('type').click();\n// Should be on a new URL which includes '/commands/actions'\ncy.url().should('include', '/commands/actions');\n// Get an input, type into it and verify that the value has been updated\ncy.get('.action-email').type('fake@email.com');\ncy.get('.action-email').should('have.value', 'unexpected@email.com');",
              "err": {},
              "uuid": "4ca95817-53fc-4c80-b2bb-dd423e1c0e04",
              "parentUUID": "0a5694ab-1d0c-4ae1-890c-b5087f6b9cf5",
              "isHook": false,
              "skipped": false
            },
            {
              "title": "Go to utilities",
              "fullTitle": "My First Test Go to utilities",
              "timedOut": null,
              "duration": 406,
              "state": "passed",
              "speed": "fast",
              "pass": true,
              "fail": false,
              "pending": false,
              "context": null,
              "code": "cy.visit('https://example.cypress.io');\ncy.contains('Utilities').click();\n// Should be on a new URL which includes 'utilities'\ncy.url().should('include', 'utilities');",
              "err": {},
              "uuid": "e0a1b272-5919-4d73-9e4a-4b5c03c93115",
              "parentUUID": "0a5694ab-1d0c-4ae1-890c-b5087f6b9cf5",
              "isHook": false,
              "skipped": false
            }
          ],
          "suites": [
            {
              "uuid": "3997e699-beee-4c68-8805-ad3984ce4a37",
              "title": "Test Suite - Level 2",
              "fullFile": "",
              "file": "",
              "beforeHooks": [],
              "afterHooks": [],
              "tests": [
                {
                  "title": "Go to Cypress API",
                  "fullTitle": "My First Test Test Suite - Level 2 Go to Cypress API",
                  "timedOut": null,
                  "duration": 419,
                  "state": "passed",
                  "speed": "fast",
                  "pass": true,
                  "fail": false,
                  "pending": false,
                  "context": null,
                  "code": "cy.visit('https://example.cypress.io');\ncy.contains('Cypress API').click();\n// Should be on a new URL which includes 'utilities'\ncy.url().should('include', 'cypress-api');",
                  "err": {},
                  "uuid": "bab0770a-038e-4eba-9c46-3144f1cd035a",
                  "parentUUID": "3997e699-beee-4c68-8805-ad3984ce4a37",
                  "isHook": false,
                  "skipped": false
                }
              ],
              "suites": [],
              "passes": [
                "bab0770a-038e-4eba-9c46-3144f1cd035a"
              ],
              "failures": [],
              "pending": [],
              "skipped": [],
              "duration": 419,
              "root": false,
              "rootEmpty": false,
              "_timeout": 2000
            }
          ],
          "passes": [
            "5a41b819-01e6-43d5-8f5a-8a3e71ccde76",
            "e0a1b272-5919-4d73-9e4a-4b5c03c93115"
          ],
          "failures": [
            "a6829133-281e-4937-b592-7a818d41fed9"
          ],
          "pending": [
            "4ca95817-53fc-4c80-b2bb-dd423e1c0e04"
          ],
          "skipped": [],
          "duration": 7422,
          "root": false,
          "rootEmpty": false,
          "_timeout": 2000
        }
      ],
      "passes": [],
      "failures": [],
      "pending": [],
      "skipped": [],
      "duration": 0,
      "root": true,
      "rootEmpty": true,
      "_timeout": 2000
    }
  ],
  "meta": {
    "mocha": {
      "version": "7.0.1"
    },
    "mochawesome": {
      "options": {
        "quiet": false,
        "reportFilename": "mochawesome",
        "saveHtml": false,
        "saveJson": true,
        "consoleReporter": "spec",
        "useInlineDiffs": false,
        "code": true
      },
      "version": "7.1.3"
    },
    "marge": {
      "options": {
        "id": "default",
        "charts": true,
        "overwrite": false,
        "html": false,
        "json": true,
        "reportDir": "cypress/reports/html/.jsons"
      },
      "version": "6.2.0"
    }
  }
}