{
  "stats": {
    "suites": 2,
    "tests": 4,
    "passes": 3,
    "pending": 1,
    "failures": 0,
    "start": "2024-05-02T12:54:42.259Z",
    "end": "2024-05-02T12:54:49.357Z",
    "duration": 7098,
    "testsRegistered": 5,
    "passPercent": 75,
    "pendingPercent": 20,
    "other": 1,
    "hasOther": true,
    "skipped": 0,
    "hasSkipped": false
  },
  "results": [
    {
      "uuid": "c0c3bb97-acfa-4380-974f-3805d70a5dcb",
      "title": "",
      "fullFile": "cypress/e2e/second/second.cy.js",
      "file": "cypress/e2e/second/second.cy.js",
      "beforeHooks": [],
      "afterHooks": [],
      "tests": [],
      "suites": [
        {
          "uuid": "125b5fbe-9233-4c94-b2cd-c4ae9d97dc08",
          "title": "My Second Test",
          "fullFile": "",
          "file": "",
          "beforeHooks": [],
          "afterHooks": [],
          "tests": [
            {
              "title": "clicking \"type\" navigates to a new url (Qase ID: 10)",
              "fullTitle": "My Second Test clicking \"type\" navigates to a new url (Qase ID: 10)",
              "timedOut": null,
              "duration": 710,
              "state": "passed",
              "speed": "fast",
              "pass": true,
              "fail": false,
              "pending": false,
              "context": null,
              "code": "cy.visit('https://example.cypress.io');\ncy.contains('type').click();\n// Should be on a new URL which includes '/commands/actions'\ncy.url().should('include', '/commands/actions');",
              "err": {},
              "uuid": "75ff282e-408a-4af8-ad85-e11b7cddd3fd",
              "parentUUID": "125b5fbe-9233-4c94-b2cd-c4ae9d97dc08",
              "isHook": false,
              "skipped": false
            },
            {
              "title": "Gets, types and asserts - 2 (Qase ID: 20)",
              "fullTitle": "My Second Test Gets, types and asserts - 2 (Qase ID: 20)",
              "timedOut": null,
              "duration": 4846,
              "state": "failed",
              "speed": null,
              "pass": false,
              "fail": true,
              "pending": false,
              "context": null,
              "code": "cy.visit('https://example.cypress.io');\ncy.contains('type').click();\n// Should be on a new URL which includes '/commands/actions'\ncy.url().should('include', '/commands/actions');\n// Get an input, type into it and verify that the value has been updated\ncy.get('.action-email').type('fake@email.com');\ncy.get('.action-email').should('have.value', 'unexpected@email.com');",
              "err": {
                "message": "AssertionError: Timed out retrying after 4000ms: expected '<input#email1.form-control.action-email>' to have value 'unexpected@email.com', but the value was 'fake@email.com'",
                "estack": "AssertionError: Timed out retrying after 4000ms: expected '<input#email1.form-control.action-email>' to have value 'unexpected@email.com', but the value was 'fake@email.com'\n    at Context.eval (webpack://examples-cypress/./cypress/e2e/second/second.cy.js:22:28)",
                "diff": "- 'fake@email.com'\n+ 'unexpected@email.com'\n"
              },
              "uuid": "108b8d10-9b3d-47fc-b27d-5042df7a7c2b",
              "parentUUID": "125b5fbe-9233-4c94-b2cd-c4ae9d97dc08",
              "isHook": false,
              "skipped": false
            },
            {
              "title": "Gets, types and asserts  - 2 (Qase ID: 30)",
              "fullTitle": "My Second Test Gets, types and asserts  - 2 (Qase ID: 30)",
              "timedOut": null,
              "duration": 0,
              "state": "pending",
              "speed": null,
              "pass": false,
              "fail": false,
              "pending": true,
              "context": null,
              "code": "cy.visit('https://example.cypress.io');\ncy.contains('type').click();\n// Should be on a new URL which includes '/commands/actions'\ncy.url().should('include', '/commands/actions');\n// Get an input, type into it and verify that the value has been updated\ncy.get('.action-email').type('fake@email.com');\ncy.get('.action-email').should('have.value', 'unexpected@email.com');",
              "err": {},
              "uuid": "8f236d5d-ea39-4302-9441-3d8c5219402d",
              "parentUUID": "125b5fbe-9233-4c94-b2cd-c4ae9d97dc08",
              "isHook": false,
              "skipped": false
            },
            {
              "title": "Go to utilities - 2",
              "fullTitle": "My Second Test Go to utilities - 2",
              "timedOut": null,
              "duration": 283,
              "state": "passed",
              "speed": "fast",
              "pass": true,
              "fail": false,
              "pending": false,
              "context": null,
              "code": "cy.visit('https://example.cypress.io');\ncy.contains('Utilities').click();\n// Should be on a new URL which includes 'utilities'\ncy.url().should('include', 'utilities');",
              "err": {},
              "uuid": "e4d7cd43-2cbf-4822-8baf-aaf0d13267c6",
              "parentUUID": "125b5fbe-9233-4c94-b2cd-c4ae9d97dc08",
              "isHook": false,
              "skipped": false
            }
          ],
          "suites": [
            {
              "uuid": "534ac0ed-d1fd-45a5-97ed-bc138562f9a8",
              "title": "Test Suite - Level 4",
              "fullFile": "",
              "file": "",
              "beforeHooks": [],
              "afterHooks": [],
              "tests": [
                {
                  "title": "Go to Cypress API - 2",
                  "fullTitle": "My Second Test Test Suite - Level 4 Go to Cypress API - 2",
                  "timedOut": null,
                  "duration": 273,
                  "state": "passed",
                  "speed": "fast",
                  "pass": true,
                  "fail": false,
                  "pending": false,
                  "context": null,
                  "code": "cy.visit('https://example.cypress.io');\ncy.contains('Cypress API').click();\n// Should be on a new URL which includes 'utilities'\ncy.url().should('include', 'cypress-api');",
                  "err": {},
                  "uuid": "0a98c239-9d7d-4625-93f5-2d8bf20acb72",
                  "parentUUID": "534ac0ed-d1fd-45a5-97ed-bc138562f9a8",
                  "isHook": false,
                  "skipped": false
                }
              ],
              "suites": [],
              "passes": [
                "0a98c239-9d7d-4625-93f5-2d8bf20acb72"
              ],
              "failures": [],
              "pending": [],
              "skipped": [],
              "duration": 273,
              "root": false,
              "rootEmpty": false,
              "_timeout": 2000
            }
          ],
          "passes": [
            "75ff282e-408a-4af8-ad85-e11b7cddd3fd",
            "e4d7cd43-2cbf-4822-8baf-aaf0d13267c6"
          ],
          "failures": [
            "108b8d10-9b3d-47fc-b27d-5042df7a7c2b"
          ],
          "pending": [
            "8f236d5d-ea39-4302-9441-3d8c5219402d"
          ],
          "skipped": [],
          "duration": 5839,
          "root": false,
          "rootEmpty": false,
          "_timeout": 2000
        }
      ],
      "passes": [],
      "failures": [],
      "pending": [],
      "skipped": [],
      "duration": 0,
      "root": true,
      "rootEmpty": true,
      "_timeout": 2000
    }
  ],
  "meta": {
    "mocha": {
      "version": "7.0.1"
    },
    "mochawesome": {
      "options": {
        "quiet": false,
        "reportFilename": "mochawesome",
        "saveHtml": false,
        "saveJson": true,
        "consoleReporter": "spec",
        "useInlineDiffs": false,
        "code": true
      },
      "version": "7.1.3"
    },
    "marge": {
      "options": {
        "id": "default",
        "charts": true,
        "overwrite": false,
        "html": false,
        "json": true,
        "reportDir": "cypress/reports/html/.jsons"
      },
      "version": "6.2.0"
    }
  }
}