{
  "stats": {
    "suites": 2,
    "tests": 4,
    "passes": 3,
    "pending": 1,
    "failures": 0,
    "start": "2024-05-28T10:24:53.733Z",
    "end": "2024-05-28T10:25:00.936Z",
    "duration": 7203,
    "testsRegistered": 5,
    "passPercent": 75,
    "pendingPercent": 20,
    "other": 1,
    "hasOther": true,
    "skipped": 0,
    "hasSkipped": false
  },
  "results": [
    {
      "uuid": "20685e15-52eb-4ad0-a014-b1c3c8e80b9d",
      "title": "",
      "fullFile": "cypress/e2e/second.cy.js",
      "file": "cypress/e2e/second.cy.js",
      "beforeHooks": [],
      "afterHooks": [],
      "tests": [],
      "suites": [
        {
          "uuid": "c2ef3b05-5b47-484e-b576-1c5fa5b6317b",
          "title": "My First Test",
          "fullFile": "",
          "file": "",
          "beforeHooks": [],
          "afterHooks": [],
          "tests": [
            {
              "title": "clicking \"type\" navigates to a new url (Qase ID: 1)",
              "fullTitle": "My First Test clicking \"type\" navigates to a new url (Qase ID: 1)",
              "timedOut": null,
              "duration": 726,
              "state": "passed",
              "speed": "fast",
              "pass": true,
              "fail": false,
              "pending": false,
              "context": null,
              "code": "cy.visit('https://example.cypress.io');\ncy.contains('type').click();\n// Should be on a new URL which includes '/commands/actions'\ncy.url().should('include', '/commands/actions');",
              "err": {},
              "uuid": "473f4d6d-d6d4-4686-9864-19097e954cb1",
              "parentUUID": "c2ef3b05-5b47-484e-b576-1c5fa5b6317b",
              "isHook": false,
              "skipped": false
            },
            {
              "title": "Gets, types and asserts (Qase ID: 2)",
              "fullTitle": "My First Test Gets, types and asserts (Qase ID: 2)",
              "timedOut": null,
              "duration": 4958,
              "state": "failed",
              "speed": null,
              "pass": false,
              "fail": true,
              "pending": false,
              "context": null,
              "code": "cy.visit('https://example.cypress.io');\ncy.contains('type').click();\n// Should be on a new URL which includes '/commands/actions'\ncy.url().should('include', '/commands/actions');\n// Get an input, type into it and verify that the value has been updated\ncy.get('.action-email').type('fake@email.com');\ncy.get('.action-email').should('have.value', 'unexpected@email.com');",
              "err": {
                "message": "AssertionError: Timed out retrying after 4000ms: expected '<input#email1.form-control.action-email>' to have value 'unexpected@email.com', but the value was 'fake@email.com'",
                "estack": "AssertionError: Timed out retrying after 4000ms: expected '<input#email1.form-control.action-email>' to have value 'unexpected@email.com', but the value was 'fake@email.com'\n    at Context.eval (webpack://examples-cypress/./cypress/e2e/second.cy.js:22:28)",
                "diff": "- 'fake@email.com'\n+ 'unexpected@email.com'\n"
              },
              "uuid": "4c0e83c0-cd1a-46f7-bdbe-a90362e6c2d9",
              "parentUUID": "c2ef3b05-5b47-484e-b576-1c5fa5b6317b",
              "isHook": false,
              "skipped": false
            },
            {
              "title": "Gets, types and asserts (Qase ID: 3)",
              "fullTitle": "My First Test Gets, types and asserts (Qase ID: 3)",
              "timedOut": null,
              "duration": 0,
              "state": "pending",
              "speed": null,
              "pass": false,
              "fail": false,
              "pending": true,
              "context": null,
              "code": "cy.visit('https://example.cypress.io');\ncy.contains('type').click();\n// Should be on a new URL which includes '/commands/actions'\ncy.url().should('include', '/commands/actions');\n// Get an input, type into it and verify that the value has been updated\ncy.get('.action-email').type('fake@email.com');\ncy.get('.action-email').should('have.value', 'unexpected@email.com');",
              "err": {},
              "uuid": "472374f2-be80-4d2b-9884-c6c5afa8fa62",
              "parentUUID": "c2ef3b05-5b47-484e-b576-1c5fa5b6317b",
              "isHook": false,
              "skipped": false
            },
            {
              "title": "Go to utilities",
              "fullTitle": "My First Test Go to utilities",
              "timedOut": null,
              "duration": 322,
              "state": "passed",
              "speed": "fast",
              "pass": true,
              "fail": false,
              "pending": false,
              "context": null,
              "code": "cy.visit('https://example.cypress.io');\ncy.contains('Utilities').click();\n// Should be on a new URL which includes 'utilities'\ncy.url().should('include', 'utilities');",
              "err": {},
              "uuid": "ca90b61d-6eda-45f7-859d-3e8fba038433",
              "parentUUID": "c2ef3b05-5b47-484e-b576-1c5fa5b6317b",
              "isHook": false,
              "skipped": false
            }
          ],
          "suites": [
            {
              "uuid": "60ae4b8f-cf74-4e59-ab2d-f9e17bc76307",
              "title": "Test Suite - Level 2",
              "fullFile": "",
              "file": "",
              "beforeHooks": [],
              "afterHooks": [],
              "tests": [
                {
                  "title": "Go to Cypress API",
                  "fullTitle": "My First Test Test Suite - Level 2 Go to Cypress API",
                  "timedOut": null,
                  "duration": 280,
                  "state": "passed",
                  "speed": "fast",
                  "pass": true,
                  "fail": false,
                  "pending": false,
                  "context": null,
                  "code": "cy.visit('https://example.cypress.io');\ncy.contains('Cypress API').click();\n// Should be on a new URL which includes 'utilities'\ncy.url().should('include', 'cypress-api');",
                  "err": {},
                  "uuid": "e913ebf0-11de-4169-a9da-b6957a855bb0",
                  "parentUUID": "60ae4b8f-cf74-4e59-ab2d-f9e17bc76307",
                  "isHook": false,
                  "skipped": false
                }
              ],
              "suites": [],
              "passes": [
                "e913ebf0-11de-4169-a9da-b6957a855bb0"
              ],
              "failures": [],
              "pending": [],
              "skipped": [],
              "duration": 280,
              "root": false,
              "rootEmpty": false,
              "_timeout": 2000
            }
          ],
          "passes": [
            "473f4d6d-d6d4-4686-9864-19097e954cb1",
            "ca90b61d-6eda-45f7-859d-3e8fba038433"
          ],
          "failures": [
            "4c0e83c0-cd1a-46f7-bdbe-a90362e6c2d9"
          ],
          "pending": [
            "472374f2-be80-4d2b-9884-c6c5afa8fa62"
          ],
          "skipped": [],
          "duration": 6006,
          "root": false,
          "rootEmpty": false,
          "_timeout": 2000
        }
      ],
      "passes": [],
      "failures": [],
      "pending": [],
      "skipped": [],
      "duration": 0,
      "root": true,
      "rootEmpty": true,
      "_timeout": 2000
    }
  ],
  "meta": {
    "mocha": {
      "version": "7.0.1"
    },
    "mochawesome": {
      "options": {
        "quiet": false,
        "reportFilename": "mochawesome",
        "saveHtml": false,
        "saveJson": true,
        "consoleReporter": "spec",
        "useInlineDiffs": false,
        "code": true
      },
      "version": "7.1.3"
    },
    "marge": {
      "options": {
        "id": "default",
        "charts": true,
        "overwrite": false,
        "html": false,
        "json": true,
        "reportDir": "cypress/reports/html/.jsons"
      },
      "version": "6.2.0"
    }
  }
}