{
  "stats": {
    "suites": 1,
    "tests": 1,
    "passes": 1,
    "pending": 0,
    "failures": 0,
    "start": "2024-05-28T10:39:50.592Z",
    "end": "2024-05-28T10:39:52.869Z",
    "duration": 2277,
    "testsRegistered": 1,
    "passPercent": 100,
    "pendingPercent": 0,
    "other": 0,
    "hasOther": false,
    "skipped": 0,
    "hasSkipped": false
  },
  "results": [
    {
      "uuid": "432b3d2a-b684-48ff-8875-382d7f464c99",
      "title": "",
      "fullFile": "cypress/e2e/first.cy.js",
      "file": "cypress/e2e/first.cy.js",
      "beforeHooks": [],
      "afterHooks": [],
      "tests": [],
      "suites": [
        {
          "uuid": "bce35a7d-94ac-41e0-b94a-2fa602ffcb6c",
          "title": "My First Test",
          "fullFile": "",
          "file": "",
          "beforeHooks": [],
          "afterHooks": [],
          "tests": [
            {
              "title": "simple test",
              "fullTitle": "My First Test simple test",
              "timedOut": null,
              "duration": 1060,
              "state": "passed",
              "speed": "fast",
              "pass": true,
              "fail": false,
              "pending": false,
              "context": null,
              "code": "cy.visit('https://example.cypress.io');\ncy.contains('type').click();\ncy.url().should('include', '/commands/actions');",
              "err": {},
              "uuid": "eca0f12e-6176-45b2-bce2-1cc227441f5d",
              "parentUUID": "bce35a7d-94ac-41e0-b94a-2fa602ffcb6c",
              "isHook": false,
              "skipped": false
            }
          ],
          "suites": [],
          "passes": [
            "eca0f12e-6176-45b2-bce2-1cc227441f5d"
          ],
          "failures": [],
          "pending": [],
          "skipped": [],
          "duration": 1060,
          "root": false,
          "rootEmpty": false,
          "_timeout": 2000
        }
      ],
      "passes": [],
      "failures": [],
      "pending": [],
      "skipped": [],
      "duration": 0,
      "root": true,
      "rootEmpty": true,
      "_timeout": 2000
    }
  ],
  "meta": {
    "mocha": {
      "version": "7.0.1"
    },
    "mochawesome": {
      "options": {
        "quiet": false,
        "reportFilename": "mochawesome",
        "saveHtml": false,
        "saveJson": true,
        "consoleReporter": "spec",
        "useInlineDiffs": false,
        "code": true
      },
      "version": "7.1.3"
    },
    "marge": {
      "options": {
        "id": "default",
        "charts": true,
        "overwrite": false,
        "html": false,
        "json": true,
        "reportDir": "cypress/reports/html/.jsons"
      },
      "version": "6.2.0"
    }
  }
}