{
  "stats": {
    "suites": 1,
    "tests": 1,
    "passes": 1,
    "pending": 0,
    "failures": 0,
    "start": "2024-05-28T09:13:25.266Z",
    "end": "2024-05-28T09:13:27.424Z",
    "duration": 2158,
    "testsRegistered": 1,
    "passPercent": 100,
    "pendingPercent": 0,
    "other": 0,
    "hasOther": false,
    "skipped": 0,
    "hasSkipped": false
  },
  "results": [
    {
      "uuid": "dd29a1b7-23a7-4abf-9cee-06e0cb65ee47",
      "title": "",
      "fullFile": "cypress/e2e/first.cy.js",
      "file": "cypress/e2e/first.cy.js",
      "beforeHooks": [],
      "afterHooks": [],
      "tests": [],
      "suites": [
        {
          "uuid": "0068feca-1a7a-4ae6-ba19-5949568e3a95",
          "title": "My First Test",
          "fullFile": "",
          "file": "",
          "beforeHooks": [],
          "afterHooks": [],
          "tests": [
            {
              "title": "simple test",
              "fullTitle": "My First Test simple test",
              "timedOut": null,
              "duration": 936,
              "state": "passed",
              "speed": "fast",
              "pass": true,
              "fail": false,
              "pending": false,
              "context": null,
              "code": "cy.visit('https://example.cypress.io');\ncy.contains('type').click();\ncy.url().should('include', '/commands/actions');",
              "err": {},
              "uuid": "ea91ccb2-977f-47e6-a066-e47e57e02ec9",
              "parentUUID": "0068feca-1a7a-4ae6-ba19-5949568e3a95",
              "isHook": false,
              "skipped": false
            }
          ],
          "suites": [],
          "passes": [
            "ea91ccb2-977f-47e6-a066-e47e57e02ec9"
          ],
          "failures": [],
          "pending": [],
          "skipped": [],
          "duration": 936,
          "root": false,
          "rootEmpty": false,
          "_timeout": 2000
        }
      ],
      "passes": [],
      "failures": [],
      "pending": [],
      "skipped": [],
      "duration": 0,
      "root": true,
      "rootEmpty": true,
      "_timeout": 2000
    }
  ],
  "meta": {
    "mocha": {
      "version": "7.0.1"
    },
    "mochawesome": {
      "options": {
        "quiet": false,
        "reportFilename": "mochawesome",
        "saveHtml": false,
        "saveJson": true,
        "consoleReporter": "spec",
        "useInlineDiffs": false,
        "code": true
      },
      "version": "7.1.3"
    },
    "marge": {
      "options": {
        "id": "default",
        "charts": true,
        "overwrite": false,
        "html": false,
        "json": true,
        "reportDir": "cypress/reports/html/.jsons"
      },
      "version": "6.2.0"
    }
  }
}