{
  "stats": {
    "suites": 2,
    "tests": 4,
    "passes": 3,
    "pending": 1,
    "failures": 0,
    "start": "2024-04-26T08:03:18.897Z",
    "end": "2024-04-26T08:03:26.758Z",
    "duration": 7861,
    "testsRegistered": 5,
    "passPercent": 75,
    "pendingPercent": 20,
    "other": 1,
    "hasOther": true,
    "skipped": 0,
    "hasSkipped": false
  },
  "results": [
    {
      "uuid": "d4024aaa-e57b-4242-8e8f-b33b00e02fe3",
      "title": "",
      "fullFile": "cypress/e2e/second/second.cy.js",
      "file": "cypress/e2e/second/second.cy.js",
      "beforeHooks": [],
      "afterHooks": [],
      "tests": [],
      "suites": [
        {
          "uuid": "c5288960-cb96-4e5a-a9bc-003b3539c59d",
          "title": "My Second Test",
          "fullFile": "",
          "file": "",
          "beforeHooks": [],
          "afterHooks": [],
          "tests": [
            {
              "title": "clicking \"type\" navigates to a new url (Qase ID: 10)",
              "fullTitle": "My Second Test clicking \"type\" navigates to a new url (Qase ID: 10)",
              "timedOut": null,
              "duration": 1034,
              "state": "passed",
              "speed": "fast",
              "pass": true,
              "fail": false,
              "pending": false,
              "context": null,
              "code": "cy.visit('https://example.cypress.io');\ncy.contains('type').click();\n// Should be on a new URL which includes '/commands/actions'\ncy.url().should('include', '/commands/actions');",
              "err": {},
              "uuid": "e34b1a2d-19c4-4edc-9273-59fda0f374fb",
              "parentUUID": "c5288960-cb96-4e5a-a9bc-003b3539c59d",
              "isHook": false,
              "skipped": false
            },
            {
              "title": "Gets, types and asserts - 2 (Qase ID: 20)",
              "fullTitle": "My Second Test Gets, types and asserts - 2 (Qase ID: 20)",
              "timedOut": null,
              "duration": 4943,
              "state": "failed",
              "speed": null,
              "pass": false,
              "fail": true,
              "pending": false,
              "context": null,
              "code": "cy.visit('https://example.cypress.io');\ncy.contains('type').click();\n// Should be on a new URL which includes '/commands/actions'\ncy.url().should('include', '/commands/actions');\n// Get an input, type into it and verify that the value has been updated\ncy.get('.action-email').type('fake@email.com');\ncy.get('.action-email').should('have.value', 'unexpected@email.com');",
              "err": {
                "message": "AssertionError: Timed out retrying after 4000ms: expected '<input#email1.form-control.action-email>' to have value 'unexpected@email.com', but the value was 'fake@email.com'",
                "estack": "AssertionError: Timed out retrying after 4000ms: expected '<input#email1.form-control.action-email>' to have value 'unexpected@email.com', but the value was 'fake@email.com'\n    at Context.eval (webpack://examples-cypress/./cypress/e2e/second/second.cy.js:22:28)",
                "diff": "- 'fake@email.com'\n+ 'unexpected@email.com'\n"
              },
              "uuid": "67394f61-a71d-4a77-b65b-e6895516900c",
              "parentUUID": "c5288960-cb96-4e5a-a9bc-003b3539c59d",
              "isHook": false,
              "skipped": false
            },
            {
              "title": "Gets, types and asserts  - 2 (Qase ID: 30)",
              "fullTitle": "My Second Test Gets, types and asserts  - 2 (Qase ID: 30)",
              "timedOut": null,
              "duration": 0,
              "state": "pending",
              "speed": null,
              "pass": false,
              "fail": false,
              "pending": true,
              "context": null,
              "code": "cy.visit('https://example.cypress.io');\ncy.contains('type').click();\n// Should be on a new URL which includes '/commands/actions'\ncy.url().should('include', '/commands/actions');\n// Get an input, type into it and verify that the value has been updated\ncy.get('.action-email').type('fake@email.com');\ncy.get('.action-email').should('have.value', 'unexpected@email.com');",
              "err": {},
              "uuid": "36fe0770-be7a-4e5e-9060-0a51801aae17",
              "parentUUID": "c5288960-cb96-4e5a-a9bc-003b3539c59d",
              "isHook": false,
              "skipped": false
            },
            {
              "title": "Go to utilities - 2",
              "fullTitle": "My Second Test Go to utilities - 2",
              "timedOut": null,
              "duration": 303,
              "state": "passed",
              "speed": "fast",
              "pass": true,
              "fail": false,
              "pending": false,
              "context": null,
              "code": "cy.visit('https://example.cypress.io');\ncy.contains('Utilities').click();\n// Should be on a new URL which includes 'utilities'\ncy.url().should('include', 'utilities');",
              "err": {},
              "uuid": "11c04b64-49c5-4e10-974a-f4804742153b",
              "parentUUID": "c5288960-cb96-4e5a-a9bc-003b3539c59d",
              "isHook": false,
              "skipped": false
            }
          ],
          "suites": [
            {
              "uuid": "276e4b5c-c2e2-4a3d-aa14-0d15a6c6dbae",
              "title": "Test Suite - Level 4",
              "fullFile": "",
              "file": "",
              "beforeHooks": [],
              "afterHooks": [],
              "tests": [
                {
                  "title": "Go to Cypress API - 2",
                  "fullTitle": "My Second Test Test Suite - Level 4 Go to Cypress API - 2",
                  "timedOut": null,
                  "duration": 298,
                  "state": "passed",
                  "speed": "fast",
                  "pass": true,
                  "fail": false,
                  "pending": false,
                  "context": null,
                  "code": "cy.visit('https://example.cypress.io');\ncy.contains('Cypress API').click();\n// Should be on a new URL which includes 'utilities'\ncy.url().should('include', 'cypress-api');",
                  "err": {},
                  "uuid": "e00c06a0-5636-47b5-9413-eb318ba0518a",
                  "parentUUID": "276e4b5c-c2e2-4a3d-aa14-0d15a6c6dbae",
                  "isHook": false,
                  "skipped": false
                }
              ],
              "suites": [],
              "passes": [
                "e00c06a0-5636-47b5-9413-eb318ba0518a"
              ],
              "failures": [],
              "pending": [],
              "skipped": [],
              "duration": 298,
              "root": false,
              "rootEmpty": false,
              "_timeout": 2000
            }
          ],
          "passes": [
            "e34b1a2d-19c4-4edc-9273-59fda0f374fb",
            "11c04b64-49c5-4e10-974a-f4804742153b"
          ],
          "failures": [
            "67394f61-a71d-4a77-b65b-e6895516900c"
          ],
          "pending": [
            "36fe0770-be7a-4e5e-9060-0a51801aae17"
          ],
          "skipped": [],
          "duration": 6280,
          "root": false,
          "rootEmpty": false,
          "_timeout": 2000
        }
      ],
      "passes": [],
      "failures": [],
      "pending": [],
      "skipped": [],
      "duration": 0,
      "root": true,
      "rootEmpty": true,
      "_timeout": 2000
    }
  ],
  "meta": {
    "mocha": {
      "version": "7.0.1"
    },
    "mochawesome": {
      "options": {
        "quiet": false,
        "reportFilename": "mochawesome",
        "saveHtml": false,
        "saveJson": true,
        "consoleReporter": "spec",
        "useInlineDiffs": false,
        "code": true
      },
      "version": "7.1.3"
    },
    "marge": {
      "options": {
        "id": "default",
        "charts": true,
        "overwrite": false,
        "html": false,
        "json": true,
        "reportDir": "cypress/reports/html/.jsons"
      },
      "version": "6.2.0"
    }
  }
}