{
  "stats": {
    "suites": 2,
    "tests": 4,
    "passes": 3,
    "pending": 1,
    "failures": 0,
    "start": "2024-07-31T10:07:22.749Z",
    "end": "2024-07-31T10:07:35.806Z",
    "duration": 13057,
    "testsRegistered": 5,
    "passPercent": 75,
    "pendingPercent": 20,
    "other": 1,
    "hasOther": true,
    "skipped": 0,
    "hasSkipped": false
  },
  "results": [
    {
      "uuid": "bdaf6601-17de-4358-b0ec-ce82237cfe00",
      "title": "",
      "fullFile": "cypress/e2e/second.cy.js",
      "file": "cypress/e2e/second.cy.js",
      "beforeHooks": [],
      "afterHooks": [],
      "tests": [],
      "suites": [
        {
          "uuid": "f0691b36-9186-41f5-9b6a-79d162163c1d",
          "title": "My First Test",
          "fullFile": "",
          "file": "",
          "beforeHooks": [],
          "afterHooks": [],
          "tests": [
            {
              "title": "clicking \"type\" navigates to a new url (Qase ID: 1)",
              "fullTitle": "My First Test clicking \"type\" navigates to a new url (Qase ID: 1)",
              "timedOut": null,
              "duration": 6054,
              "state": "passed",
              "speed": "medium",
              "pass": true,
              "fail": false,
              "pending": false,
              "context": null,
              "code": "cy.visit('https://example.cypress.io');\ncy.contains('type').click();\n// Should be on a new URL which includes '/commands/actions'\ncy.url().should('include', '/commands/actions');",
              "err": {},
              "uuid": "45a59afc-a66e-4e38-84c3-1212edfdc325",
              "parentUUID": "f0691b36-9186-41f5-9b6a-79d162163c1d",
              "isHook": false,
              "skipped": false
            },
            {
              "title": "Gets, types and asserts (Qase ID: 2)",
              "fullTitle": "My First Test Gets, types and asserts (Qase ID: 2)",
              "timedOut": null,
              "duration": 4852,
              "state": "failed",
              "speed": null,
              "pass": false,
              "fail": true,
              "pending": false,
              "context": null,
              "code": "cy.visit('https://example.cypress.io');\ncy.contains('type').click();\n// Should be on a new URL which includes '/commands/actions'\ncy.url().should('include', '/commands/actions');\n// Get an input, type into it and verify that the value has been updated\ncy.get('.action-email').type('fake@email.com');\ncy.get('.action-email').should('have.value', 'unexpected@email.com');",
              "err": {
                "message": "AssertionError: Timed out retrying after 4000ms: expected '<input#email1.form-control.action-email>' to have value 'unexpected@email.com', but the value was 'fake@email.com'",
                "estack": "AssertionError: Timed out retrying after 4000ms: expected '<input#email1.form-control.action-email>' to have value 'unexpected@email.com', but the value was 'fake@email.com'\n    at Context.eval (webpack://cypress-example/./cypress/e2e/second.cy.js:22:28)",
                "diff": "- 'fake@email.com'\n+ 'unexpected@email.com'\n"
              },
              "uuid": "2055d7b9-6c2e-4377-ae39-fd638d298d3b",
              "parentUUID": "f0691b36-9186-41f5-9b6a-79d162163c1d",
              "isHook": false,
              "skipped": false
            },
            {
              "title": "Gets, types and asserts (Qase ID: 3)",
              "fullTitle": "My First Test Gets, types and asserts (Qase ID: 3)",
              "timedOut": null,
              "duration": 0,
              "state": "pending",
              "speed": null,
              "pass": false,
              "fail": false,
              "pending": true,
              "context": null,
              "code": "cy.visit('https://example.cypress.io');\ncy.contains('type').click();\n// Should be on a new URL which includes '/commands/actions'\ncy.url().should('include', '/commands/actions');\n// Get an input, type into it and verify that the value has been updated\ncy.get('.action-email').type('fake@email.com');\ncy.get('.action-email').should('have.value', 'unexpected@email.com');",
              "err": {},
              "uuid": "365119b4-f830-42c3-8756-2a7cab65ab69",
              "parentUUID": "f0691b36-9186-41f5-9b6a-79d162163c1d",
              "isHook": false,
              "skipped": false
            },
            {
              "title": "Go to utilities",
              "fullTitle": "My First Test Go to utilities",
              "timedOut": null,
              "duration": 390,
              "state": "passed",
              "speed": "fast",
              "pass": true,
              "fail": false,
              "pending": false,
              "context": null,
              "code": "cy.visit('https://example.cypress.io');\ncy.contains('Utilities').click();\n// Should be on a new URL which includes 'utilities'\ncy.url().should('include', 'utilities');",
              "err": {},
              "uuid": "d757c843-e7f6-41e0-8315-45412c90f76e",
              "parentUUID": "f0691b36-9186-41f5-9b6a-79d162163c1d",
              "isHook": false,
              "skipped": false
            }
          ],
          "suites": [
            {
              "uuid": "eb3ddf63-6b38-4eb3-ab78-ffa6bc1c6010",
              "title": "Test Suite - Level 2",
              "fullFile": "",
              "file": "",
              "beforeHooks": [],
              "afterHooks": [],
              "tests": [
                {
                  "title": "Go to Cypress API",
                  "fullTitle": "My First Test Test Suite - Level 2 Go to Cypress API",
                  "timedOut": null,
                  "duration": 404,
                  "state": "passed",
                  "speed": "fast",
                  "pass": true,
                  "fail": false,
                  "pending": false,
                  "context": null,
                  "code": "cy.visit('https://example.cypress.io');\ncy.contains('Cypress API').click();\n// Should be on a new URL which includes 'utilities'\ncy.url().should('include', 'cypress-api');",
                  "err": {},
                  "uuid": "c012b72f-972a-4ce3-b6f1-f529db602cdd",
                  "parentUUID": "eb3ddf63-6b38-4eb3-ab78-ffa6bc1c6010",
                  "isHook": false,
                  "skipped": false
                }
              ],
              "suites": [],
              "passes": [
                "c012b72f-972a-4ce3-b6f1-f529db602cdd"
              ],
              "failures": [],
              "pending": [],
              "skipped": [],
              "duration": 404,
              "root": false,
              "rootEmpty": false,
              "_timeout": 2000
            }
          ],
          "passes": [
            "45a59afc-a66e-4e38-84c3-1212edfdc325",
            "d757c843-e7f6-41e0-8315-45412c90f76e"
          ],
          "failures": [
            "2055d7b9-6c2e-4377-ae39-fd638d298d3b"
          ],
          "pending": [
            "365119b4-f830-42c3-8756-2a7cab65ab69"
          ],
          "skipped": [],
          "duration": 11296,
          "root": false,
          "rootEmpty": false,
          "_timeout": 2000
        }
      ],
      "passes": [],
      "failures": [],
      "pending": [],
      "skipped": [],
      "duration": 0,
      "root": true,
      "rootEmpty": true,
      "_timeout": 2000
    }
  ],
  "meta": {
    "mocha": {
      "version": "7.0.1"
    },
    "mochawesome": {
      "options": {
        "quiet": false,
        "reportFilename": "mochawesome",
        "saveHtml": false,
        "saveJson": true,
        "consoleReporter": "spec",
        "useInlineDiffs": false,
        "code": true
      },
      "version": "7.1.3"
    },
    "marge": {
      "options": {
        "id": "default",
        "charts": true,
        "overwrite": false,
        "html": false,
        "json": true,
        "reportDir": "cypress/reports/html/.jsons"
      },
      "version": "6.2.0"
    }
  }
}