{
  "stats": {
    "suites": 2,
    "tests": 4,
    "passes": 3,
    "pending": 1,
    "failures": 0,
    "start": "2024-04-26T08:22:25.906Z",
    "end": "2024-04-26T08:22:33.798Z",
    "duration": 7892,
    "testsRegistered": 5,
    "passPercent": 75,
    "pendingPercent": 20,
    "other": 1,
    "hasOther": true,
    "skipped": 0,
    "hasSkipped": false
  },
  "results": [
    {
      "uuid": "46bdcd3b-3945-4b9a-9bf5-c4b0d430f0c8",
      "title": "",
      "fullFile": "cypress/e2e/first/first.cy.js",
      "file": "cypress/e2e/first/first.cy.js",
      "beforeHooks": [],
      "afterHooks": [],
      "tests": [],
      "suites": [
        {
          "uuid": "1d270b5e-c7cd-4be3-b696-3e47ec9f6f50",
          "title": "My First Test",
          "fullFile": "",
          "file": "",
          "beforeHooks": [],
          "afterHooks": [],
          "tests": [
            {
              "title": "clicking \"type\" navigates to a new url (Qase ID: 1)",
              "fullTitle": "My First Test clicking \"type\" navigates to a new url (Qase ID: 1)",
              "timedOut": null,
              "duration": 1040,
              "state": "passed",
              "speed": "fast",
              "pass": true,
              "fail": false,
              "pending": false,
              "context": null,
              "code": "cy.visit('https://example.cypress.io');\ncy.contains('type').click();\n// Should be on a new URL which includes '/commands/actions'\ncy.url().should('include', '/commands/actions');",
              "err": {},
              "uuid": "46ebd32c-fdb9-48f8-a391-9b70e87e3ece",
              "parentUUID": "1d270b5e-c7cd-4be3-b696-3e47ec9f6f50",
              "isHook": false,
              "skipped": false
            },
            {
              "title": "Gets, types and asserts (Qase ID: 2)",
              "fullTitle": "My First Test Gets, types and asserts (Qase ID: 2)",
              "timedOut": null,
              "duration": 4964,
              "state": "failed",
              "speed": null,
              "pass": false,
              "fail": true,
              "pending": false,
              "context": null,
              "code": "cy.visit('https://example.cypress.io');\ncy.contains('type').click();\n// Should be on a new URL which includes '/commands/actions'\ncy.url().should('include', '/commands/actions');\n// Get an input, type into it and verify that the value has been updated\ncy.get('.action-email').type('fake@email.com');\ncy.get('.action-email').should('have.value', 'unexpected@email.com');",
              "err": {
                "message": "AssertionError: Timed out retrying after 4000ms: expected '<input#email1.form-control.action-email>' to have value 'unexpected@email.com', but the value was 'fake@email.com'",
                "estack": "AssertionError: Timed out retrying after 4000ms: expected '<input#email1.form-control.action-email>' to have value 'unexpected@email.com', but the value was 'fake@email.com'\n    at Context.eval (webpack://examples-cypress/./cypress/e2e/first/first.cy.js:22:28)",
                "diff": "- 'fake@email.com'\n+ 'unexpected@email.com'\n"
              },
              "uuid": "ba1620d7-0ee8-4edd-80bc-130c680b0cd3",
              "parentUUID": "1d270b5e-c7cd-4be3-b696-3e47ec9f6f50",
              "isHook": false,
              "skipped": false
            },
            {
              "title": "Gets, types and asserts (Qase ID: 3)",
              "fullTitle": "My First Test Gets, types and asserts (Qase ID: 3)",
              "timedOut": null,
              "duration": 0,
              "state": "pending",
              "speed": null,
              "pass": false,
              "fail": false,
              "pending": true,
              "context": null,
              "code": "cy.visit('https://example.cypress.io');\ncy.contains('type').click();\n// Should be on a new URL which includes '/commands/actions'\ncy.url().should('include', '/commands/actions');\n// Get an input, type into it and verify that the value has been updated\ncy.get('.action-email').type('fake@email.com');\ncy.get('.action-email').should('have.value', 'unexpected@email.com');",
              "err": {},
              "uuid": "47f3229c-9643-497a-8032-5e3082742c4e",
              "parentUUID": "1d270b5e-c7cd-4be3-b696-3e47ec9f6f50",
              "isHook": false,
              "skipped": false
            },
            {
              "title": "Go to utilities",
              "fullTitle": "My First Test Go to utilities",
              "timedOut": null,
              "duration": 307,
              "state": "passed",
              "speed": "fast",
              "pass": true,
              "fail": false,
              "pending": false,
              "context": null,
              "code": "cy.visit('https://example.cypress.io');\ncy.contains('Utilities').click();\n// Should be on a new URL which includes 'utilities'\ncy.url().should('include', 'utilities');",
              "err": {},
              "uuid": "2ddd373b-db23-4ec7-a5c5-3c8bdc138e11",
              "parentUUID": "1d270b5e-c7cd-4be3-b696-3e47ec9f6f50",
              "isHook": false,
              "skipped": false
            }
          ],
          "suites": [
            {
              "uuid": "1378252f-930c-42c6-b49d-002581443689",
              "title": "Test Suite - Level 2",
              "fullFile": "",
              "file": "",
              "beforeHooks": [],
              "afterHooks": [],
              "tests": [
                {
                  "title": "Go to Cypress API",
                  "fullTitle": "My First Test Test Suite - Level 2 Go to Cypress API",
                  "timedOut": null,
                  "duration": 326,
                  "state": "passed",
                  "speed": "fast",
                  "pass": true,
                  "fail": false,
                  "pending": false,
                  "context": null,
                  "code": "cy.visit('https://example.cypress.io');\ncy.contains('Cypress API').click();\n// Should be on a new URL which includes 'utilities'\ncy.url().should('include', 'cypress-api');",
                  "err": {},
                  "uuid": "d04d12c6-7ec9-4f41-ba1b-91532ec1d460",
                  "parentUUID": "1378252f-930c-42c6-b49d-002581443689",
                  "isHook": false,
                  "skipped": false
                }
              ],
              "suites": [],
              "passes": [
                "d04d12c6-7ec9-4f41-ba1b-91532ec1d460"
              ],
              "failures": [],
              "pending": [],
              "skipped": [],
              "duration": 326,
              "root": false,
              "rootEmpty": false,
              "_timeout": 2000
            }
          ],
          "passes": [
            "46ebd32c-fdb9-48f8-a391-9b70e87e3ece",
            "2ddd373b-db23-4ec7-a5c5-3c8bdc138e11"
          ],
          "failures": [
            "ba1620d7-0ee8-4edd-80bc-130c680b0cd3"
          ],
          "pending": [
            "47f3229c-9643-497a-8032-5e3082742c4e"
          ],
          "skipped": [],
          "duration": 6311,
          "root": false,
          "rootEmpty": false,
          "_timeout": 2000
        }
      ],
      "passes": [],
      "failures": [],
      "pending": [],
      "skipped": [],
      "duration": 0,
      "root": true,
      "rootEmpty": true,
      "_timeout": 2000
    }
  ],
  "meta": {
    "mocha": {
      "version": "7.0.1"
    },
    "mochawesome": {
      "options": {
        "quiet": false,
        "reportFilename": "mochawesome",
        "saveHtml": false,
        "saveJson": true,
        "consoleReporter": "spec",
        "useInlineDiffs": false,
        "code": true
      },
      "version": "7.1.3"
    },
    "marge": {
      "options": {
        "id": "default",
        "charts": true,
        "overwrite": false,
        "html": false,
        "json": true,
        "reportDir": "cypress/reports/html/.jsons"
      },
      "version": "6.2.0"
    }
  }
}