{
  "stats": {
    "suites": 2,
    "tests": 4,
    "passes": 3,
    "pending": 1,
    "failures": 0,
    "start": "2024-05-02T13:55:43.765Z",
    "end": "2024-05-02T13:55:52.933Z",
    "duration": 9168,
    "testsRegistered": 5,
    "passPercent": 75,
    "pendingPercent": 20,
    "other": 1,
    "hasOther": true,
    "skipped": 0,
    "hasSkipped": false
  },
  "results": [
    {
      "uuid": "25042d90-de2e-4b5c-be66-ca7beb0bcf89",
      "title": "",
      "fullFile": "cypress/e2e/first/first.cy.js",
      "file": "cypress/e2e/first/first.cy.js",
      "beforeHooks": [],
      "afterHooks": [],
      "tests": [],
      "suites": [
        {
          "uuid": "ec3e2bff-f8eb-4833-91fa-98682061073a",
          "title": "My First Test",
          "fullFile": "",
          "file": "",
          "beforeHooks": [],
          "afterHooks": [],
          "tests": [
            {
              "title": "clicking \"type\" navigates to a new url (Qase ID: 1)",
              "fullTitle": "My First Test clicking \"type\" navigates to a new url (Qase ID: 1)",
              "timedOut": null,
              "duration": 1269,
              "state": "passed",
              "speed": "fast",
              "pass": true,
              "fail": false,
              "pending": false,
              "context": null,
              "code": "cy.visit('https://example.cypress.io');\ncy.contains('type').click();\n// Should be on a new URL which includes '/commands/actions'\ncy.url().should('include', '/commands/actions');",
              "err": {},
              "uuid": "efc81b80-f778-4cda-a1b3-2f655a0324cd",
              "parentUUID": "ec3e2bff-f8eb-4833-91fa-98682061073a",
              "isHook": false,
              "skipped": false
            },
            {
              "title": "Gets, types and asserts (Qase ID: 2)",
              "fullTitle": "My First Test Gets, types and asserts (Qase ID: 2)",
              "timedOut": null,
              "duration": 4930,
              "state": "failed",
              "speed": null,
              "pass": false,
              "fail": true,
              "pending": false,
              "context": null,
              "code": "cy.visit('https://example.cypress.io');\ncy.contains('type').click();\n// Should be on a new URL which includes '/commands/actions'\ncy.url().should('include', '/commands/actions');\n// Get an input, type into it and verify that the value has been updated\ncy.get('.action-email').type('fake@email.com');\ncy.get('.action-email').should('have.value', 'unexpected@email.com');",
              "err": {
                "message": "AssertionError: Timed out retrying after 4000ms: expected '<input#email1.form-control.action-email>' to have value 'unexpected@email.com', but the value was 'fake@email.com'",
                "estack": "AssertionError: Timed out retrying after 4000ms: expected '<input#email1.form-control.action-email>' to have value 'unexpected@email.com', but the value was 'fake@email.com'\n    at Context.eval (webpack://examples-cypress/./cypress/e2e/first/first.cy.js:22:28)",
                "diff": "- 'fake@email.com'\n+ 'unexpected@email.com'\n"
              },
              "uuid": "972e86c2-a601-40f0-adfd-1b4e56c9f15e",
              "parentUUID": "ec3e2bff-f8eb-4833-91fa-98682061073a",
              "isHook": false,
              "skipped": false
            },
            {
              "title": "Gets, types and asserts (Qase ID: 3)",
              "fullTitle": "My First Test Gets, types and asserts (Qase ID: 3)",
              "timedOut": null,
              "duration": 0,
              "state": "pending",
              "speed": null,
              "pass": false,
              "fail": false,
              "pending": true,
              "context": null,
              "code": "cy.visit('https://example.cypress.io');\ncy.contains('type').click();\n// Should be on a new URL which includes '/commands/actions'\ncy.url().should('include', '/commands/actions');\n// Get an input, type into it and verify that the value has been updated\ncy.get('.action-email').type('fake@email.com');\ncy.get('.action-email').should('have.value', 'unexpected@email.com');",
              "err": {},
              "uuid": "46d69d59-4bc3-45cd-87ca-0c2718545903",
              "parentUUID": "ec3e2bff-f8eb-4833-91fa-98682061073a",
              "isHook": false,
              "skipped": false
            },
            {
              "title": "Go to utilities",
              "fullTitle": "My First Test Go to utilities",
              "timedOut": null,
              "duration": 877,
              "state": "passed",
              "speed": "fast",
              "pass": true,
              "fail": false,
              "pending": false,
              "context": null,
              "code": "cy.visit('https://example.cypress.io');\ncy.contains('Utilities').click();\n// Should be on a new URL which includes 'utilities'\ncy.url().should('include', 'utilities');",
              "err": {},
              "uuid": "77864b2d-d6cb-45e3-a6fb-8201793c18c6",
              "parentUUID": "ec3e2bff-f8eb-4833-91fa-98682061073a",
              "isHook": false,
              "skipped": false
            }
          ],
          "suites": [
            {
              "uuid": "84cc49b0-dcb9-4aac-a321-69cb755cf98c",
              "title": "Test Suite - Level 2",
              "fullFile": "",
              "file": "",
              "beforeHooks": [],
              "afterHooks": [],
              "tests": [
                {
                  "title": "Go to Cypress API",
                  "fullTitle": "My First Test Test Suite - Level 2 Go to Cypress API",
                  "timedOut": null,
                  "duration": 778,
                  "state": "passed",
                  "speed": "fast",
                  "pass": true,
                  "fail": false,
                  "pending": false,
                  "context": null,
                  "code": "cy.visit('https://example.cypress.io');\ncy.contains('Cypress API').click();\n// Should be on a new URL which includes 'utilities'\ncy.url().should('include', 'cypress-api');",
                  "err": {},
                  "uuid": "d1e6852d-ec54-4c02-bb92-738159ca0a74",
                  "parentUUID": "84cc49b0-dcb9-4aac-a321-69cb755cf98c",
                  "isHook": false,
                  "skipped": false
                }
              ],
              "suites": [],
              "passes": [
                "d1e6852d-ec54-4c02-bb92-738159ca0a74"
              ],
              "failures": [],
              "pending": [],
              "skipped": [],
              "duration": 778,
              "root": false,
              "rootEmpty": false,
              "_timeout": 2000
            }
          ],
          "passes": [
            "efc81b80-f778-4cda-a1b3-2f655a0324cd",
            "77864b2d-d6cb-45e3-a6fb-8201793c18c6"
          ],
          "failures": [
            "972e86c2-a601-40f0-adfd-1b4e56c9f15e"
          ],
          "pending": [
            "46d69d59-4bc3-45cd-87ca-0c2718545903"
          ],
          "skipped": [],
          "duration": 7076,
          "root": false,
          "rootEmpty": false,
          "_timeout": 2000
        }
      ],
      "passes": [],
      "failures": [],
      "pending": [],
      "skipped": [],
      "duration": 0,
      "root": true,
      "rootEmpty": true,
      "_timeout": 2000
    }
  ],
  "meta": {
    "mocha": {
      "version": "7.0.1"
    },
    "mochawesome": {
      "options": {
        "quiet": false,
        "reportFilename": "mochawesome",
        "saveHtml": false,
        "saveJson": true,
        "consoleReporter": "spec",
        "useInlineDiffs": false,
        "code": true
      },
      "version": "7.1.3"
    },
    "marge": {
      "options": {
        "id": "default",
        "charts": true,
        "overwrite": false,
        "html": false,
        "json": true,
        "reportDir": "cypress/reports/html/.jsons"
      },
      "version": "6.2.0"
    }
  }
}